Application PID: 3810
Application PID: 4178
Application PID: 2568



############################################
 App started at: 2015-05-20 05:42:59.390072
############################################



[1;31mSomething is going wrong...
Check yor dgt2db application[0m
0[1;31m minutes without processing images
Last process........ 				|	time: 2015-05-20 05:42:59.390072
Current time........				|	time: 2015-05-20 05:43:04.192181[0m
[1;31mSomething is going wrong...
Check yor dgt2db application[0m
9[1;31m minutes without processing images
Last process........ 				|	time: 2015-05-20 05:42:59.390072
Current time........				|	time: 2015-05-20 05:52:52.867864[0m
[1;31mSomething is going wrong...
Check yor dgt2db application[0m
14[1;31m minutes without processing images
Last process........ 				|	time: 2015-05-20 05:42:59.390072
Current time........				|	time: 2015-05-20 05:57:53.290954[0m
[1;31mSomething is going wrong...
Check yor dgt2db application[0m
19[1;31m minutes without processing images
Last process........ 				|	time: 2015-05-20 05:42:59.390072
Current time........				|	time: 2015-05-20 06:02:53.472738[0m
[1;31mSomething is going wrong...
Check yor dgt2db application[0m
29[1;31m minutes without processing images
Last process........ 				|	time: 2015-05-20 05:42:59.390072
Current time........				|	time: 2015-05-20 06:12:54.472065[0m
[1;31mSomething is going wrong...
Check yor dgt2db application[0m
34[1;31m minutes without processing images
Last process........ 				|	time: 2015-05-20 05:42:59.390072
Current time........				|	time: 2015-05-20 06:17:54.790243[0m
[1;31mSomething is going wrong...
Check yor dgt2db application[0m
39[1;31m minutes without processing images
Last process........ 				|	time: 2015-05-20 05:42:59.390072
Current time........				|	time: 2015-05-20 06:22:55.133005[0m
[1;31mSomething is going wrong...
Check yor dgt2db application[0m
44[1;31m minutes without processing images
Last process........ 				|	time: 2015-05-20 05:42:59.390072
Current time........				|	time: 2015-05-20 06:27:55.575575[0m
[1;31mSomething is going wrong...
Check yor dgt2db application[0m
49[1;31m minutes without processing images
Last process........ 				|	time: 2015-05-20 05:42:59.390072
Current time........				|	time: 2015-05-20 06:32:57.549568[0m
[1;31mSomething is going wrong...
Check yor dgt2db application[0m
54[1;31m minutes without processing images
Last process........ 				|	time: 2015-05-20 05:42:59.390072
Current time........				|	time: 2015-05-20 06:37:57.211535[0m
[1;31mSomething is going wrong...
Check yor dgt2db application[0m
57[1;31m minutes without processing images
Last process........ 				|	time: 2015-05-20 05:42:59.390072
Current time........				|	time: 2015-05-20 06:40:34.285894[0m
[1;31mSomething is going wrong...
Check yor dgt2db application[0m
60[1;31m minutes without processing images
Last process........ 				|	time: 2015-05-20 05:42:59.390072
Current time........				|	time: 2015-05-20 06:43:00.723075[0m
[1;31mSomething is going wrong...
Check yor dgt2db application[0m
62[1;31m minutes without processing images
Last process........ 				|	time: 2015-05-20 05:42:59.390072
Current time........				|	time: 2015-05-20 06:45:33.925114[0m
[1;31mSomething is going wrong...
Check yor dgt2db application[0m
65[1;31m minutes without processing images
Last process........ 				|	time: 2015-05-20 05:42:59.390072
Current time........				|	time: 2015-05-20 06:47:59.484929[0m
[1;31mSomething is going wrong...
Check yor dgt2db application[0m
65[1;31m minutes without processing images
Last process........ 				|	time: 2015-05-20 05:42:59.390072
Current time........				|	time: 2015-05-20 06:48:01.567040[0m
[1;31mSomething is going wrong...
Check yor dgt2db application[0m
67[1;31m minutes without processing images
Last process........ 				|	time: 2015-05-20 05:42:59.390072
Current time........				|	time: 2015-05-20 06:50:39.231740[0m
[1;31mSomething is going wrong...
Check yor dgt2db application[0m
70[1;31m minutes without processing images
Last process........ 				|	time: 2015-05-20 05:42:59.390072
Current time........				|	time: 2015-05-20 06:53:00.948935[0m
[1;31mSomething is going wrong...
Check yor dgt2db application[0m
72[1;31m minutes without processing images
Last process........ 				|	time: 2015-05-20 05:42:59.390072
Current time........				|	time: 2015-05-20 06:55:37.388578[0m
[1;31mSomething is going wrong...
Check yor dgt2db application[0m
75[1;31m minutes without processing images
Last process........ 				|	time: 2015-05-20 05:42:59.390072
Current time........				|	time: 2015-05-20 06:58:01.584976[0m
[1;31mSomething is going wrong...
Check yor dgt2db application[0m
75[1;31m minutes without processing images
Last process........ 				|	time: 2015-05-20 05:42:59.390072
Current time........				|	time: 2015-05-20 06:58:03.291552[0m
[1;31mSomething is going wrong...
Check yor dgt2db application[0m
77[1;31m minutes without processing images
Last process........ 				|	time: 2015-05-20 05:42:59.390072
Current time........				|	time: 2015-05-20 07:00:39.466880[0m
[1;31mSomething is going wrong...
Check yor dgt2db application[0m
80[1;31m minutes without processing images
Last process........ 				|	time: 2015-05-20 05:42:59.390072
Current time........				|	time: 2015-05-20 07:03:03.136999[0m
[1;31mSomething is going wrong...
Check yor dgt2db application[0m
82[1;31m minutes without processing images
Last process........ 				|	time: 2015-05-20 05:42:59.390072
Current time........				|	time: 2015-05-20 07:05:37.587552[0m
[1;31mSomething is going wrong...
Check yor dgt2db application[0m
82[1;31m minutes without processing images
Last process........ 				|	time: 2015-05-20 05:42:59.390072
Current time........				|	time: 2015-05-20 07:05:39.323216[0m
[1;31mSomething is going wrong...
Check yor dgt2db application[0m
85[1;31m minutes without processing images
Last process........ 				|	time: 2015-05-20 05:42:59.390072
Current time........				|	time: 2015-05-20 07:08:05.751069[0m
[1;31mSomething is going wrong...
Check yor dgt2db application[0m
87[1;31m minutes without processing images
Last process........ 				|	time: 2015-05-20 05:42:59.390072
Current time........				|	time: 2015-05-20 07:10:38.656123[0m
[1;31mSomething is going wrong...
Check yor dgt2db application[0m
87[1;31m minutes without processing images
Last process........ 				|	time: 2015-05-20 05:42:59.390072
Current time........				|	time: 2015-05-20 07:10:43.548560[0m
[1;31mSomething is going wrong...
Check yor dgt2db application[0m
90[1;31m minutes without processing images
Last process........ 				|	time: 2015-05-20 05:42:59.390072
Current time........				|	time: 2015-05-20 07:13:09.052764[0m
[1;31mSomething is going wrong...
Check yor dgt2db application[0m
92[1;31m minutes without processing images
Last process........ 				|	time: 2015-05-20 05:42:59.390072
Current time........				|	time: 2015-05-20 07:15:40.408164[0m
[1;31mSomething is going wrong...
Check yor dgt2db application[0m
92[1;31m minutes without processing images
Last process........ 				|	time: 2015-05-20 05:42:59.390072
Current time........				|	time: 2015-05-20 07:15:44.204934[0m
[1;31mSomething is going wrong...
Check yor dgt2db application[0m
95[1;31m minutes without processing images
Last process........ 				|	time: 2015-05-20 05:42:59.390072
Current time........				|	time: 2015-05-20 07:18:09.081272[0m
[1;31mSomething is going wrong...
Check yor dgt2db application[0m
97[1;31m minutes without processing images
Last process........ 				|	time: 2015-05-20 05:42:59.390072
Current time........				|	time: 2015-05-20 07:20:44.080385[0m
[1;31mSomething is going wrong...
Check yor dgt2db application[0m
97[1;31m minutes without processing images
Last process........ 				|	time: 2015-05-20 05:42:59.390072
Current time........				|	time: 2015-05-20 07:20:45.869074[0m
[1;31mSomething is going wrong...
Check yor dgt2db application[0m
100[1;31m minutes without processing images
Last process........ 				|	time: 2015-05-20 05:42:59.390072
Current time........				|	time: 2015-05-20 07:23:09.056065[0m
[1;31mSomething is going wrong...
Check yor dgt2db application[0m
102[1;31m minutes without processing images
Last process........ 				|	time: 2015-05-20 05:42:59.390072
Current time........				|	time: 2015-05-20 07:25:32.767718[0m
[1;31mSomething is going wrong...
Check yor dgt2db application[0m
102[1;31m minutes without processing images
Last process........ 				|	time: 2015-05-20 05:42:59.390072
Current time........				|	time: 2015-05-20 07:25:50.401553[0m
[1;31mSomething is going wrong...
Check yor dgt2db application[0m
102[1;31m minutes without processing images
Last process........ 				|	time: 2015-05-20 05:42:59.390072
Current time........				|	time: 2015-05-20 07:25:53.175125[0m
[1;31mSomething is going wrong...
Check yor dgt2db application[0m
105[1;31m minutes without processing images
Last process........ 				|	time: 2015-05-20 05:42:59.390072
Current time........				|	time: 2015-05-20 07:28:24.690390[0m
[1;31mSomething is going wrong...
Check yor dgt2db application[0m
107[1;31m minutes without processing images
Last process........ 				|	time: 2015-05-20 05:42:59.390072
Current time........				|	time: 2015-05-20 07:30:49.212497[0m
[1;31mSomething is going wrong...
Check yor dgt2db application[0m
110[1;31m minutes without processing images
Last process........ 				|	time: 2015-05-20 05:42:59.390072
Current time........				|	time: 2015-05-20 07:33:13.919221[0m
[1;31mSomething is going wrong...
Check yor dgt2db application[0m
112[1;31m minutes without processing images
Last process........ 				|	time: 2015-05-20 05:42:59.390072
Current time........				|	time: 2015-05-20 07:35:48.785489[0m
[1;31mSomething is going wrong...
Check yor dgt2db application[0m
115[1;31m minutes without processing images
Last process........ 				|	time: 2015-05-20 05:42:59.390072
Current time........				|	time: 2015-05-20 07:38:15.277133[0m
[1;31mSomething is going wrong...
Check yor dgt2db application[0m
117[1;31m minutes without processing images
Last process........ 				|	time: 2015-05-20 05:42:59.390072
Current time........				|	time: 2015-05-20 07:40:50.386298[0m
[1;31mSomething is going wrong...
Check yor dgt2db application[0m
120[1;31m minutes without processing images
Last process........ 				|	time: 2015-05-20 05:42:59.390072
Current time........				|	time: 2015-05-20 07:43:17.284500[0m
[1;31mSomething is going wrong...
Check yor dgt2db application[0m
123[1;31m minutes without processing images
Last process........ 				|	time: 2015-05-20 05:42:59.390072
Current time........				|	time: 2015-05-20 07:45:59.503100[0m
[1;31mSomething is going wrong...
Check yor dgt2db application[0m
126[1;31m minutes without processing images
Last process........ 				|	time: 2015-05-20 05:42:59.390072
Current time........				|	time: 2015-05-20 07:49:05.148095[0m
[1;31mSomething is going wrong...
Check yor dgt2db application[0m
130[1;31m minutes without processing images
Last process........ 				|	time: 2015-05-20 05:42:59.390072
Current time........				|	time: 2015-05-20 07:53:48.978961[0m
[1;31mSomething is going wrong...
Check yor dgt2db application[0m
134[1;31m minutes without processing images
Last process........ 				|	time: 2015-05-20 05:42:59.390072
Current time........				|	time: 2015-05-20 07:57:20.036856[0m
[1;31mSomething is going wrong...
Check yor dgt2db application[0m
134[1;31m minutes without processing images
Last process........ 				|	time: 2015-05-20 05:42:59.390072
Current time........				|	time: 2015-05-20 07:57:23.186246[0m
[1;31mSomething is going wrong...
Check yor dgt2db application[0m
139[1;31m minutes without processing images
Last process........ 				|	time: 2015-05-20 05:42:59.390072
Current time........				|	time: 2015-05-20 08:02:26.263098[0m
[1;31mSomething is going wrong...
Check yor dgt2db application[0m
144[1;31m minutes without processing images
Last process........ 				|	time: 2015-05-20 05:42:59.390072
Current time........				|	time: 2015-05-20 08:07:36.377131[0m
[1;31mSomething is going wrong...
Check yor dgt2db application[0m
145[1;31m minutes without processing images
Last process........ 				|	time: 2Application PID: 10812
Application PID: 3107



############################################
 App started at: 2015-05-20 09:59:25.654900
############################################



[1;31mSomething is going wrong...
Check yor dgt2db application[0m
0[1;31m minutes without processing images
Last process........ 				|	time: 2015-05-20 09:59:25.654900
Current time........				|	time: 2015-05-20 09:59:30.490629[0m
[1;31mSomething is going wrong...
Check yor dgt2db application[0m
0[1;31m minutes without processing images
Last process........ 				|	time: 2015-05-20 09:59:25.654900
Current time........				|	time: 2015-05-20 09:59:55.083836[0m
[1;31mSomething is going wrong...
Check yor dgt2db application[0m
0[1;31m minutes without processing images
Last process........ 				|	time: 2015-05-20 09:59:25.654900
Current time........				|	time: 2015-05-20 10:00:21.264497[0m
[1;31mSomething is going wrong...
Check yor dgt2db application[0m
1[1;31m minutes without processing images
Last process........ 				|	time: 2015-05-20 09:59:25.654900
Current time........				|	time: 2015-05-20 10:01:04.400112[0m
[1;31mSomething is going wrong...
Check yor dgt2db application[0m
3[1;31m minutes without processing images
Last process........ 				|	time: 2015-05-20 09:59:25.654900
Current time........				|	time: 2015-05-20 10:03:10.863807[0m
[1;31mSomething is going wrong...
Check yor dgt2db application[0m
3[1;31m minutes without processing images
Last process........ 				|	time: 2015-05-20 09:59:25.654900
Current time........				|	time: 2015-05-20 10:03:24.130992[0m
[1;31mSomething is going wrong...
Check yor dgt2db application[0m
4[1;31m minutes without processing images
Last process........ 				|	time: 2015-05-20 09:59:25.654900
Current time........				|	time: 2015-05-20 10:03:48.234436[0m
[1;31mSomething is going wrong...
Check yor dgt2db application[0m
4[1;31m minutes without processing images
Last process........ 				|	time: 2015-05-20 09:59:25.654900
Current time........				|	time: 2015-05-20 10:04:05.656046[0m
[1;31mSomething is going wrong...
Check yor dgt2db application[0m
5[1;31m minutes without processing images
Last process........ 				|	time: 2015-05-20 09:59:25.654900
Current time........				|	time: 2015-05-20 10:05:17.301582[0m
[1;31mSomething is going wrong...
Check yor dgt2db application[0m
6[1;31m minutes without processing images
Last process........ 				|	time: 2015-05-20 09:59:25.654900
Current time........				|	time: 2015-05-20 10:05:27.752502[0m
[1;31mSomething is going wrong...
Check yor dgt2db application[0m
6[1;31m minutes without processing images
Last process........ 				|	time: 2015-05-20 09:59:25.654900
Current time........				|	time: 2015-05-20 10:05:52.456262[0m
[1;31mSomething is going wrong...
Check yor dgt2db application[0m
9[1;31m minutes without processing images
Last process........ 				|	time: 2015-05-20 09:59:25.654900
Current time........				|	time: 2015-05-20 10:09:05.742641[0m
[1;31mSomething is going wrong...
Check yor dgt2db application[0m
19[1;31m minutes without processing images
Last process........ 				|	time: 2015-05-20 09:59:25.654900
Current time........				|	time: 2015-05-20 10:19:06.130025[0m
[1;31mSomething is going wrong...
Check yor dgt2db application[0m
24[1;31m minutes without processing images
Last process........ 				|	time: 2015-05-20 09:59:25.654900
Current time........				|	time: 2015-05-20 10:24:06.288471[0m
[1;31mSomething is going wrong...
Check yor dgt2db application[0m
29[1;31m minutes without processing images
Last process........ 				|	time: 2015-05-20 09:59:25.654900
Current time........				|	time: 2015-05-20 10:29:07.910612[0m
[1;31mSomething is going wrong...
Check yor dgt2db application[0m
34[1;31m minutes without processing images
Last process........ 				|	time: 2015-05-20 09:59:25.654900
Current time........				|	time: 2015-05-20 10:34:08.243700[0m
[1;31mSomething is going wrong...
Check yor dgt2db application[0m
35[1;31m minutes without processing images
Last process........ 				|	time: 2015-05-20 09:59:25.654900
Current time........				|	time: 2015Application PID: 2556
Application PID: 2831
Application PID: 3667
Application PID: 2412
Application PID: 3552
Application PID: 3702
Application PID: 3465
Application PID: 2871
Application PID: 2903
Application PID: 2933
Application PID: 2959
Application PID: 3005
Application PID: 3054
Application PID: 3099
Application PID: 3155
Application PID: 3216
Application PID: 3250
Application PID: 3302
Application PID: 3328
Application PID: 3358
Application PID: 3407
Application PID: 3475
Application PID: 957
Application PID: 1232
Application PID: 1325
